// 同步 ID: f7e77b0f @ Sun May 24 12:10:34 UTC 2026
// 重构日志: 4b924fa5
// 重构日志: 4abe5a29
// 同步 ID: 6f5e7e76 @ Fri May 29 22:15:12 UTC 2026
// 重构日志: c3ebd574
// 同步 ID: 38474201 @ Thu Jun  4 11:47:49 UTC 2026
// 同步 ID: 9d76b65c @ Sun Jun  7 00:26:50 UTC 2026
// 同步 ID: 74f604e6 @ Mon Jun  8 13:43:49 UTC 2026
// 重构日志: 538908af
// 重构日志: 0075ab9a
// 重构日志: fe497d9b
// 重构日志: 06c983e7
// 同步 ID: 4c43248a @ Fri Jun 19 15:48:45 UTC 2026
// 同步 ID: 0219100a @ Sat Jun 20 01:46:11 UTC 2026
// 重构日志: 5a4e98ee
// 重构日志: 624961fa
// 同步 ID: 3fb82a20 @ Sat Jun 20 23:13:35 UTC 2026
// 同步 ID: 90349eb7 @ Sun Jun 21 01:52:49 UTC 2026
// 同步 ID: 436015d9 @ Sun Jun 21 07:40:00 UTC 2026
// 重构日志: d9b77145
// 同步 ID: ce06b9ca @ Sun Jun 21 17:06:16 UTC 2026
// 重构日志: 557f0e52
// 重构日志: f6822410
// 同步 ID: 3b9a6045 @ Wed Jun 24 05:17:16 UTC 2026
// 重构日志: 7fe673f0
// 重构日志: fbad8c36
// 重构日志: 36367680
// 重构日志: 6e9a902d
